[debug] [2024-01-20T17:23:00.107Z] ----------------------------------------------------------------------
[debug] [2024-01-20T17:23:00.111Z] Command:       /usr/local/bin/node /usr/local/bin/firebase deploy
[debug] [2024-01-20T17:23:00.111Z] CLI Version:   13.0.2
[debug] [2024-01-20T17:23:00.111Z] Platform:      darwin
[debug] [2024-01-20T17:23:00.112Z] Node Version:  v18.13.0
[debug] [2024-01-20T17:23:00.113Z] Time:          Sun Jan 21 2024 01:23:00 GMT+0800 (Taipei Standard Time)
[debug] [2024-01-20T17:23:00.113Z] ----------------------------------------------------------------------
[debug] 
[debug] [2024-01-20T17:23:00.201Z] > command requires scopes: ["email","openid","https://www.googleapis.com/auth/cloudplatformprojects.readonly","https://www.googleapis.com/auth/firebase","https://www.googleapis.com/auth/cloud-platform"]
[debug] [2024-01-20T17:23:00.202Z] > authorizing via signed-in user (chelsie.xue@gmail.com)
[debug] [2024-01-20T17:23:00.202Z] [iam] checking project portfolio-d723c for permissions ["datastore.indexes.create","datastore.indexes.delete","datastore.indexes.list","datastore.indexes.update","firebase.projects.get","firebasehosting.sites.update"]
[debug] [2024-01-20T17:23:00.206Z] >>> [apiv2][query] POST https://cloudresourcemanager.googleapis.com/v1/projects/portfolio-d723c:testIamPermissions [none]
[debug] [2024-01-20T17:23:00.206Z] >>> [apiv2][(partial)header] POST https://cloudresourcemanager.googleapis.com/v1/projects/portfolio-d723c:testIamPermissions x-goog-quota-user=projects/portfolio-d723c
[debug] [2024-01-20T17:23:00.206Z] >>> [apiv2][body] POST https://cloudresourcemanager.googleapis.com/v1/projects/portfolio-d723c:testIamPermissions {"permissions":["datastore.indexes.create","datastore.indexes.delete","datastore.indexes.list","datastore.indexes.update","firebase.projects.get","firebasehosting.sites.update"]}
[debug] [2024-01-20T17:23:29.034Z] <<< [apiv2][status] POST https://cloudresourcemanager.googleapis.com/v1/projects/portfolio-d723c:testIamPermissions 200
[debug] [2024-01-20T17:23:29.035Z] <<< [apiv2][body] POST https://cloudresourcemanager.googleapis.com/v1/projects/portfolio-d723c:testIamPermissions {"permissions":["datastore.indexes.create","datastore.indexes.delete","datastore.indexes.list","datastore.indexes.update","firebase.projects.get","firebasehosting.sites.update"]}
[debug] [2024-01-20T17:23:29.038Z] >>> [apiv2][query] GET https://firebase.googleapis.com/v1beta1/projects/portfolio-d723c [none]
[debug] [2024-01-20T17:23:30.032Z] <<< [apiv2][status] GET https://firebase.googleapis.com/v1beta1/projects/portfolio-d723c 200
[debug] [2024-01-20T17:23:30.033Z] <<< [apiv2][body] GET https://firebase.googleapis.com/v1beta1/projects/portfolio-d723c {"projectId":"portfolio-d723c","projectNumber":"924629409738","displayName":"Portfolio","name":"projects/portfolio-d723c","resources":{"hostingSite":"portfolio-d723c","storageBucket":"portfolio-d723c.appspot.com","locationId":"asia-east1"},"state":"ACTIVE","etag":"1_a31d2369-caaf-4f99-b8dd-bf317cc58e48"}
[info] 
[info] === Deploying to 'portfolio-d723c'...
[info] 
[info] i  deploying firestore, hosting 
[info] i  firestore: reading indexes from firestore.indexes.json... 
[info] i  cloud.firestore: checking firestore.rules for compilation errors... 
[debug] [2024-01-20T17:23:30.039Z] >>> [apiv2][query] POST https://firebaserules.googleapis.com/v1/projects/portfolio-d723c:test [none]
[debug] [2024-01-20T17:23:30.039Z] >>> [apiv2][body] POST https://firebaserules.googleapis.com/v1/projects/portfolio-d723c:test [omitted]
[debug] [2024-01-20T17:23:31.505Z] <<< [apiv2][status] POST https://firebaserules.googleapis.com/v1/projects/portfolio-d723c:test 200
[debug] [2024-01-20T17:23:31.505Z] <<< [apiv2][body] POST https://firebaserules.googleapis.com/v1/projects/portfolio-d723c:test {}
[info] ✔  cloud.firestore: rules file firestore.rules compiled successfully 
[debug] [2024-01-20T17:23:31.510Z] >>> [apiv2][query] POST https://firebasehosting.googleapis.com/v1beta1/projects/-/sites/portfolio-d723c/versions [none]
[debug] [2024-01-20T17:23:31.510Z] >>> [apiv2][body] POST https://firebasehosting.googleapis.com/v1beta1/projects/-/sites/portfolio-d723c/versions {"status":"CREATED","labels":{"deployment-tool":"cli-firebase"}}
[debug] [2024-01-20T17:23:32.123Z] <<< [apiv2][status] POST https://firebasehosting.googleapis.com/v1beta1/projects/-/sites/portfolio-d723c/versions 200
[debug] [2024-01-20T17:23:32.123Z] <<< [apiv2][body] POST https://firebasehosting.googleapis.com/v1beta1/projects/-/sites/portfolio-d723c/versions {"name":"projects/924629409738/sites/portfolio-d723c/versions/ce58951e1c4e913f","status":"CREATED","config":{},"labels":{"deployment-tool":"cli-firebase"}}
[info] i  firestore: deploying indexes... 
[debug] [2024-01-20T17:23:32.127Z] >>> [apiv2][query] GET https://firebaserules.googleapis.com/v1/projects/portfolio-d723c/releases pageSize=10&pageToken=
[debug] [2024-01-20T17:23:32.129Z] >>> [apiv2][query] GET https://firestore.googleapis.com/v1/projects/portfolio-d723c/databases/(default)/collectionGroups/-/indexes [none]
[debug] [2024-01-20T17:23:32.544Z] <<< [apiv2][status] GET https://firestore.googleapis.com/v1/projects/portfolio-d723c/databases/(default)/collectionGroups/-/indexes 200
[debug] [2024-01-20T17:23:32.544Z] <<< [apiv2][body] GET https://firestore.googleapis.com/v1/projects/portfolio-d723c/databases/(default)/collectionGroups/-/indexes {}
[debug] [2024-01-20T17:23:32.544Z] >>> [apiv2][query] GET https://firestore.googleapis.com/v1/projects/portfolio-d723c/databases/(default)/collectionGroups/-/fields?filter=indexConfig.usesAncestorConfig=false OR ttlConfig:* [none]
[debug] [2024-01-20T17:23:33.218Z] <<< [apiv2][status] GET https://firebaserules.googleapis.com/v1/projects/portfolio-d723c/releases 200
[debug] [2024-01-20T17:23:33.218Z] <<< [apiv2][body] GET https://firebaserules.googleapis.com/v1/projects/portfolio-d723c/releases {"releases":[{"name":"projects/portfolio-d723c/releases/cloud.firestore","rulesetName":"projects/portfolio-d723c/rulesets/64427c44-44d7-463b-b2e1-e5d399ed6002","createTime":"2024-01-04T15:28:54.885641Z","updateTime":"2024-01-20T17:13:52.130Z"},{"name":"projects/portfolio-d723c/releases/firebase.storage/portfolio-d723c.appspot.com","rulesetName":"projects/portfolio-d723c/rulesets/6bf67e40-fa02-461f-96a7-db71d6100764","createTime":"2024-01-06T01:56:31.343700Z","updateTime":"2024-01-06T01:56:31.343700Z"}]}
[debug] [2024-01-20T17:23:33.238Z] >>> [apiv2][query] GET https://firebaserules.googleapis.com/v1/projects/portfolio-d723c/rulesets/64427c44-44d7-463b-b2e1-e5d399ed6002 [none]
[debug] [2024-01-20T17:23:34.827Z] <<< [apiv2][status] GET https://firebaserules.googleapis.com/v1/projects/portfolio-d723c/rulesets/64427c44-44d7-463b-b2e1-e5d399ed6002 200
[debug] [2024-01-20T17:23:34.827Z] <<< [apiv2][body] GET https://firebaserules.googleapis.com/v1/projects/portfolio-d723c/rulesets/64427c44-44d7-463b-b2e1-e5d399ed6002 [omitted]
[info] i  firestore: latest version of firestore.rules already up to date, skipping upload... 
[debug] [2024-01-20T17:23:39.970Z] <<< [apiv2][status] GET https://firestore.googleapis.com/v1/projects/portfolio-d723c/databases/(default)/collectionGroups/-/fields?filter=indexConfig.usesAncestorConfig=false OR ttlConfig:* 200
[debug] [2024-01-20T17:23:39.971Z] <<< [apiv2][body] GET https://firestore.googleapis.com/v1/projects/portfolio-d723c/databases/(default)/collectionGroups/-/fields?filter=indexConfig.usesAncestorConfig=false OR ttlConfig:* {"fields":[{"name":"projects/portfolio-d723c/databases/(default)/collectionGroups/__default__/fields/*","indexConfig":{"indexes":[{"queryScope":"COLLECTION","fields":[{"fieldPath":"*","order":"ASCENDING"}],"state":"READY"},{"queryScope":"COLLECTION","fields":[{"fieldPath":"*","order":"DESCENDING"}],"state":"READY"},{"queryScope":"COLLECTION","fields":[{"fieldPath":"*","arrayConfig":"CONTAINS"}],"state":"READY"}]}}]}
[info] ✔  firestore: deployed indexes in firestore.indexes.json successfully for (default) database 
[info] i  hosting[portfolio-d723c]: beginning deploy... 
[info] i  hosting[portfolio-d723c]: found 33 files in build 
[debug] [2024-01-20T17:23:40.013Z] [hosting] uploading with 200 concurrency
[debug] [2024-01-20T17:23:42.297Z] [hosting] hash cache [YnVpbGQ] stored for 33 files
[debug] [2024-01-20T17:23:42.297Z] [hosting][hash queue][FINAL] {"max":2268,"min":158,"avg":512.6060606060606,"active":0,"complete":33,"success":33,"errored":0,"retried":0,"total":33,"elapsed":2274}
[debug] [2024-01-20T17:23:42.298Z] >>> [apiv2][query] POST https://firebasehosting.googleapis.com/v1beta1/projects/924629409738/sites/portfolio-d723c/versions/ce58951e1c4e913f:populateFiles [none]
[debug] [2024-01-20T17:23:42.298Z] >>> [apiv2][body] POST https://firebasehosting.googleapis.com/v1beta1/projects/924629409738/sites/portfolio-d723c/versions/ce58951e1c4e913f:populateFiles {"files":{"/apple-icon.png":"7c49d7403999ae9c60dccbfcb14b4f4715f283890ba5b8b3cede36de2c17c571","/asset-manifest.json":"bcf379e362d21529c6c7cc85d0fc5b83077a7092ab3ff2a13c6c540ddf8bd5f7","/index.html":"48978d8797f3c42bc1061249151441a378330b573e2010ceaba44ec0ff70804c","/favicon.png":"7c49d7403999ae9c60dccbfcb14b4f4715f283890ba5b8b3cede36de2c17c571","/manifest.json":"2e4b27bc92e68b578de0eafc0795ad01829bf4b5124f97fe4ae9990384cc1d28","/robots.txt":"391d14b3c2f8c9143a27a28c7399585142228d4d1bdbe2c87ac946de411fa9a2","/static/js/main.b50f3308.js.LICENSE.txt":"913f216b0fa4a30067ce40182e010f89a81dc61ea5b04fbef235e52559fb95c0","/static/media/logo-coinbase.87e91c7f318f2d82f46e78469976128b.svg":"d9a88ef2b580b7dbf006be02969674056fbde16917ac2b285e0d934814d206fc","/static/media/logo-nasa.c5d11f8820bfde5fd64db0074156e06c.svg":"0450d58435d0137cef5d06c80222567b41ac521353d6bd5115275c26caf93804","/static/media/logo-netflix.432ed6b5c31b9bcab9a38e32bf46a1e9.svg":"03c80e7763e93e38ab9b70e7f74bf75db5da08c8fcd4292a203cb9af8e756b0d","/static/media/logo-spotify.7e255dc67938d13ff97cc8f16812d325.svg":"037b716386a3299868921e3a28a60dee4e3ec02eafc761293b74ed2808af28db","/static/media/logo-pinterest.844709031a3c1266979e933c371e043a.svg":"9c8911b5ea2832a7893717cc1ea19331db8780da8b08d69ed9256aa7afd3cb4f","/static/media/logo-vodafone.b3e8486c0cac220bc3a31c9eab049b21.svg":"5aff7efc2f1ea31dc6e62ad6b7d7bbad5b5f9e6219d29992cb41191a22bb95b6","/static/media/team-4.85c82b6e60178804017f.jpg":"4dcdfbebcff979f2d6ffbe0cd0196f1d6e45261f6d8547619c4a63a2593a88b8","/static/media/bruce-mars.8a606c4a6dab54c9ceff.jpg":"1ce1e9e1bc252c3938d9a9fa89306d3622495e4d41a54cf1c38580259c68409b","/static/media/ivana-square.f7bc23b269d1d2509c82.jpg":"6a6feffb8a678f8eb10a442c6cdb01b02cf13d183016a9f7d58c0d56a22a3451","/static/media/ivana-squares.3c555b856b04c2ab921b.jpg":"d8e09c0e63a0d95520b78b8c1826075480c860f71e58c520833396d7cddd961a","/static/media/team-1.0fd36e0ee93dcfacdef8.jpg":"61f75ba52e5afe6999bce113a098cbb1bc12da1020ef4845cc8f04e9a18b8fc1","/static/media/team-2.13ae2ce3e12f4cfed420.jpg":"ab9045d1a96d962a62e46589985ddd9a69ae49eac16c6448d72223b29bca51dd","/static/media/team-3.0ef0be95e6850814c79e.jpg":"6f07be7d27d957f1f0fa289848a82f6eac89e5c3cab79d4b5c1c3134dd1d3259","/static/media/team-5.d59ab7b9f95f1169cf83.jpg":"e7c2954d660ae449131e973106c5c4591772f83062e0c28916511bf64e6c3672","/static/media/testimonial-6-3.d35bef0d65354442d063.jpg":"98be4d353cdba378166cdc74ed2bf076348b825efce2a05a447c6977b71c877f","/static/media/testimonial-6-2.21f2048f0b89919090f0.jpg":"0cbe7e3846d8d31327ccaed37acadea597016e0c8e53a39519ff090167c88e7c","/static/media/bg-about-us.cf9a123e2a3d371d53da.jpg":"c69f58fc42249ca83713d9b9eeb59bdb9fa701e352f968bb3cb8eec80bb47b04","/static/media/blog2.aba7a3cb94805e9557d1.jpg":"f486c9e2fccca10b72ae696138219e16e00443a944fb89e23f448c745e5e19ed","/static/media/illustration-reset.c5f36c0c2262b9ad6165.jpg":"c24e0cf0a81c8b6ce2f2a92886d1f203e41a8556085320a92d4528f49aa015b2","/static/media/blog-9-4.de736e0b751f453415a5.jpg":"4d08bce0b49491d967e83dcaa8a58a36ee4c1adaed1121eb7799860694bf466c","/static/media/rotating-card-bg-back.183088de91adb283a9ae.jpeg":"2f042c9569a313f5748326efb06d20ce586acbf82209e63563c8eb5d5a6c1f3f","/static/media/city-profile.4d64bba97c3d1757379e.jpg":"188be68344b8b91b0d14d5347dc000daef5c7bd2009e502dfdd586347d40aeea","/static/media/bg-sign-in-basic.f327db1d0e4b00ba3c81.jpeg":"4a6a5cd2d066f6d45b2a1ddef68becf73c8759eb33edbe0c7a1e2f0d3f7a5855","/static/js/main.b50f3308.js":"5ddb1c609eee6717bdd46a4efdc78dfcd1306c1e7b34d5ffa680ce0da8fb8421","/static/media/macbook.e0a8c5d5cc02d71b6d86.png":"52631da392bfa36dbefdf2a1d352c36dd9b9e048cc9b8e38a052bac8fc28fc32","/static/js/main.b50f3308.js.map":"c4151fe15195d6f4ab4fd06ce86e55852919836abd9689b420c86f7f500a8f0f"}}
[debug] [2024-01-20T17:23:43.553Z] <<< [apiv2][status] POST https://firebasehosting.googleapis.com/v1beta1/projects/924629409738/sites/portfolio-d723c/versions/ce58951e1c4e913f:populateFiles 200
[debug] [2024-01-20T17:23:43.555Z] <<< [apiv2][body] POST https://firebasehosting.googleapis.com/v1beta1/projects/924629409738/sites/portfolio-d723c/versions/ce58951e1c4e913f:populateFiles {"uploadRequiredHashes":["48978d8797f3c42bc1061249151441a378330b573e2010ceaba44ec0ff70804c","5ddb1c609eee6717bdd46a4efdc78dfcd1306c1e7b34d5ffa680ce0da8fb8421","c4151fe15195d6f4ab4fd06ce86e55852919836abd9689b420c86f7f500a8f0f","bcf379e362d21529c6c7cc85d0fc5b83077a7092ab3ff2a13c6c540ddf8bd5f7"],"uploadUrl":"https://upload-firebasehosting.googleapis.com/upload/sites/portfolio-d723c/versions/ce58951e1c4e913f/files"}
[debug] [2024-01-20T17:23:43.559Z] >>> [apiv2][query] POST https://upload-firebasehosting.googleapis.com/upload/sites/portfolio-d723c/versions/ce58951e1c4e913f/files/48978d8797f3c42bc1061249151441a378330b573e2010ceaba44ec0ff70804c [none]
[debug] [2024-01-20T17:23:43.559Z] >>> [apiv2][body] POST https://upload-firebasehosting.googleapis.com/upload/sites/portfolio-d723c/versions/ce58951e1c4e913f/files/48978d8797f3c42bc1061249151441a378330b573e2010ceaba44ec0ff70804c [stream]
[debug] [2024-01-20T17:23:43.561Z] >>> [apiv2][query] POST https://upload-firebasehosting.googleapis.com/upload/sites/portfolio-d723c/versions/ce58951e1c4e913f/files/5ddb1c609eee6717bdd46a4efdc78dfcd1306c1e7b34d5ffa680ce0da8fb8421 [none]
[debug] [2024-01-20T17:23:43.561Z] >>> [apiv2][body] POST https://upload-firebasehosting.googleapis.com/upload/sites/portfolio-d723c/versions/ce58951e1c4e913f/files/5ddb1c609eee6717bdd46a4efdc78dfcd1306c1e7b34d5ffa680ce0da8fb8421 [stream]
[debug] [2024-01-20T17:23:43.563Z] >>> [apiv2][query] POST https://upload-firebasehosting.googleapis.com/upload/sites/portfolio-d723c/versions/ce58951e1c4e913f/files/c4151fe15195d6f4ab4fd06ce86e55852919836abd9689b420c86f7f500a8f0f [none]
[debug] [2024-01-20T17:23:43.563Z] >>> [apiv2][body] POST https://upload-firebasehosting.googleapis.com/upload/sites/portfolio-d723c/versions/ce58951e1c4e913f/files/c4151fe15195d6f4ab4fd06ce86e55852919836abd9689b420c86f7f500a8f0f [stream]
[debug] [2024-01-20T17:23:43.567Z] >>> [apiv2][query] POST https://upload-firebasehosting.googleapis.com/upload/sites/portfolio-d723c/versions/ce58951e1c4e913f/files/bcf379e362d21529c6c7cc85d0fc5b83077a7092ab3ff2a13c6c540ddf8bd5f7 [none]
[debug] [2024-01-20T17:23:43.567Z] >>> [apiv2][body] POST https://upload-firebasehosting.googleapis.com/upload/sites/portfolio-d723c/versions/ce58951e1c4e913f/files/bcf379e362d21529c6c7cc85d0fc5b83077a7092ab3ff2a13c6c540ddf8bd5f7 [stream]
[debug] [2024-01-20T17:23:43.569Z] [hosting][populate queue][FINAL] {"max":1265,"min":1265,"avg":1265,"active":0,"complete":1,"success":1,"errored":0,"retried":0,"total":1,"elapsed":1275}
[debug] [2024-01-20T17:23:43.569Z] [hosting] uploads queued: 4
[debug] [2024-01-20T17:23:44.625Z] <<< [apiv2][status] POST https://upload-firebasehosting.googleapis.com/upload/sites/portfolio-d723c/versions/ce58951e1c4e913f/files/bcf379e362d21529c6c7cc85d0fc5b83077a7092ab3ff2a13c6c540ddf8bd5f7 200
[debug] [2024-01-20T17:23:44.625Z] <<< [apiv2][body] POST https://upload-firebasehosting.googleapis.com/upload/sites/portfolio-d723c/versions/ce58951e1c4e913f/files/bcf379e362d21529c6c7cc85d0fc5b83077a7092ab3ff2a13c6c540ddf8bd5f7 [stream]
[debug] [2024-01-20T17:23:45.304Z] <<< [apiv2][status] POST https://upload-firebasehosting.googleapis.com/upload/sites/portfolio-d723c/versions/ce58951e1c4e913f/files/48978d8797f3c42bc1061249151441a378330b573e2010ceaba44ec0ff70804c 200
[debug] [2024-01-20T17:23:45.304Z] <<< [apiv2][body] POST https://upload-firebasehosting.googleapis.com/upload/sites/portfolio-d723c/versions/ce58951e1c4e913f/files/48978d8797f3c42bc1061249151441a378330b573e2010ceaba44ec0ff70804c [stream]
[debug] [2024-01-20T17:23:45.646Z] <<< [apiv2][status] POST https://upload-firebasehosting.googleapis.com/upload/sites/portfolio-d723c/versions/ce58951e1c4e913f/files/5ddb1c609eee6717bdd46a4efdc78dfcd1306c1e7b34d5ffa680ce0da8fb8421 200
[debug] [2024-01-20T17:23:45.646Z] <<< [apiv2][body] POST https://upload-firebasehosting.googleapis.com/upload/sites/portfolio-d723c/versions/ce58951e1c4e913f/files/5ddb1c609eee6717bdd46a4efdc78dfcd1306c1e7b34d5ffa680ce0da8fb8421 [stream]
[debug] [2024-01-20T17:23:47.309Z] <<< [apiv2][status] POST https://upload-firebasehosting.googleapis.com/upload/sites/portfolio-d723c/versions/ce58951e1c4e913f/files/c4151fe15195d6f4ab4fd06ce86e55852919836abd9689b420c86f7f500a8f0f 200
[debug] [2024-01-20T17:23:47.310Z] <<< [apiv2][body] POST https://upload-firebasehosting.googleapis.com/upload/sites/portfolio-d723c/versions/ce58951e1c4e913f/files/c4151fe15195d6f4ab4fd06ce86e55852919836abd9689b420c86f7f500a8f0f [stream]
[debug] [2024-01-20T17:23:47.311Z] [hosting][upload queue][FINAL] {"max":3754,"min":1067,"avg":2164.75,"active":0,"complete":4,"success":4,"errored":0,"retried":0,"total":4,"elapsed":3756}
[info] ✔  hosting[portfolio-d723c]: file upload complete 
[debug] [2024-01-20T17:23:47.314Z] [hosting] deploy completed after 7339ms
[debug] [2024-01-20T17:23:47.314Z] [rules] releasing cloud.firestore/(default) with ruleset projects/portfolio-d723c/rulesets/64427c44-44d7-463b-b2e1-e5d399ed6002
[debug] [2024-01-20T17:23:47.333Z] >>> [apiv2][query] PATCH https://firebaserules.googleapis.com/v1/projects/portfolio-d723c/releases/cloud.firestore/(default) [none]
[debug] [2024-01-20T17:23:47.333Z] >>> [apiv2][body] PATCH https://firebaserules.googleapis.com/v1/projects/portfolio-d723c/releases/cloud.firestore/(default) {"release":{"name":"projects/portfolio-d723c/releases/cloud.firestore/(default)","rulesetName":"projects/portfolio-d723c/rulesets/64427c44-44d7-463b-b2e1-e5d399ed6002"}}
[debug] [2024-01-20T17:23:49.920Z] <<< [apiv2][status] PATCH https://firebaserules.googleapis.com/v1/projects/portfolio-d723c/releases/cloud.firestore/(default) 200
[debug] [2024-01-20T17:23:49.920Z] <<< [apiv2][body] PATCH https://firebaserules.googleapis.com/v1/projects/portfolio-d723c/releases/cloud.firestore/(default) {"name":"projects/portfolio-d723c/releases/cloud.firestore","rulesetName":"projects/portfolio-d723c/rulesets/64427c44-44d7-463b-b2e1-e5d399ed6002","createTime":"2024-01-04T15:28:54.885641Z","updateTime":"2024-01-20T17:23:48.458709Z"}
[debug] [2024-01-20T17:23:49.921Z] [rules] updated release projects/portfolio-d723c/releases/cloud.firestore
[info] ✔  firestore: released rules firestore.rules to cloud.firestore 
[debug] [2024-01-20T17:23:49.922Z] [
  {
    "config": {
      "public": "build",
      "ignore": [
        "firebase.json",
        "**/.*",
        "**/node_modules/**"
      ],
      "rewrites": [
        {
          "source": "/index.html",
          "destination": "/index.html"
        },
        {
          "source": "**",
          "destination": "/index.html"
        }
      ],
      "site": "portfolio-d723c"
    },
    "version": "projects/924629409738/sites/portfolio-d723c/versions/ce58951e1c4e913f"
  }
]
[info] i  hosting[portfolio-d723c]: finalizing version... 
[debug] [2024-01-20T17:23:49.928Z] >>> [apiv2][query] PATCH https://firebasehosting.googleapis.com/v1beta1/projects/-/sites/portfolio-d723c/versions/ce58951e1c4e913f updateMask=status%2Cconfig
[debug] [2024-01-20T17:23:49.928Z] >>> [apiv2][body] PATCH https://firebasehosting.googleapis.com/v1beta1/projects/-/sites/portfolio-d723c/versions/ce58951e1c4e913f {"status":"FINALIZED","config":{"rewrites":[{"glob":"/index.html","path":"/index.html"},{"glob":"**","path":"/index.html"}]}}
[debug] [2024-01-20T17:23:50.487Z] <<< [apiv2][status] PATCH https://firebasehosting.googleapis.com/v1beta1/projects/-/sites/portfolio-d723c/versions/ce58951e1c4e913f 200
[debug] [2024-01-20T17:23:50.487Z] <<< [apiv2][body] PATCH https://firebasehosting.googleapis.com/v1beta1/projects/-/sites/portfolio-d723c/versions/ce58951e1c4e913f {"name":"projects/924629409738/sites/portfolio-d723c/versions/ce58951e1c4e913f","status":"FINALIZED","config":{"rewrites":[{"glob":"/index.html","path":"/index.html"},{"glob":"**","path":"/index.html"}]},"labels":{"deployment-tool":"cli-firebase"},"createTime":"2024-01-20T17:23:31.892150Z","createUser":{"email":"chelsie.xue@gmail.com"},"finalizeTime":"2024-01-20T17:23:50.347866Z","finalizeUser":{"email":"chelsie.xue@gmail.com"}}
[debug] [2024-01-20T17:23:50.487Z] [hosting] finalized version for portfolio-d723c:[object Object]
[info] ✔  hosting[portfolio-d723c]: version finalized 
[info] i  hosting[portfolio-d723c]: releasing new version... 
[debug] [2024-01-20T17:23:50.488Z] >>> [apiv2][query] POST https://firebasehosting.googleapis.com/v1beta1/projects/-/sites/portfolio-d723c/channels/live/releases versionName=projects%2F924629409738%2Fsites%2Fportfolio-d723c%2Fversions%2Fce58951e1c4e913f
[debug] [2024-01-20T17:23:50.488Z] >>> [apiv2][body] POST https://firebasehosting.googleapis.com/v1beta1/projects/-/sites/portfolio-d723c/channels/live/releases {}
[debug] [2024-01-20T17:23:51.618Z] <<< [apiv2][status] POST https://firebasehosting.googleapis.com/v1beta1/projects/-/sites/portfolio-d723c/channels/live/releases 200
[debug] [2024-01-20T17:23:51.618Z] <<< [apiv2][body] POST https://firebasehosting.googleapis.com/v1beta1/projects/-/sites/portfolio-d723c/channels/live/releases {"name":"projects/924629409738/sites/portfolio-d723c/channels/live/releases/1705771430383000","version":{"name":"projects/924629409738/sites/portfolio-d723c/versions/ce58951e1c4e913f","status":"FINALIZED","config":{"rewrites":[{"glob":"/index.html","path":"/index.html"},{"glob":"**","path":"/index.html"}]},"labels":{"deployment-tool":"cli-firebase"},"createTime":"2024-01-20T17:23:31.892150Z","createUser":{"email":"chelsie.xue@gmail.com","imageUrl":"https://lh3.googleusercontent.com/a-/ALV-UjV4Y-x4TaE5Ws_T7nDIL7LJzVBnmwyEB-u9kf5PcR5tTGtPsweh0S5u-Ir6Q-vsBVlMJQqoIqU9_0-T1AXpJADSOWS8qTz8gxmXJd53eOQomv3IYdCitlJJXZOsfyJ8SshYW2iRdlujc7dHN-pP9E21OBVwwNgPLYgJaYOsrDwkxMUhafc0qj3gx8wuDHO4EwIBz1KpbRP_6lpJfYFIhdTWJKZbUV16KWAKtpnh6NR0p48AN2o6v__1A_cH4EOepeQrARlh6ZIyZs4O9l229vr9bEGR4B3lsHylC1hinGi4n2WQWSu6WLr_4l4r7DbqGeMParvfUIU5fdwh8rVmvqt7jwXT9BpzqzRwu-Ad7txQTwmu_PFku-jjJBcFhkJwsr2R6hV0sQad7HkWX8qEymqT9bxv924nX_UuI7VDzSA-4mGq__xPem5e3gKdsPIHfPKmzEhDU42rHl8xUVo0ylBJW_8waLndBkUrDh4bPZ-PHd5ADy1ZHipXwkZ6cVqdsld7Eb4RSClalVo52bCGfq56Ep7NcAb0wkB2mXcKh3WWfLHiX7pv1vsoyrKSp8VGeBe6i7Vw_0OTJ-aJclUqZrA2F77l2bKa2qF7SvTVi8QG4u9lAzxz5PaV0IMHASc0QOYVIdPxJQv-oGl8Xeai8VH6i_Txk90foGy6lXyHYmDR6h9FwtxvVKHPcFKu2_65q5nmsJ5wKORVKHhPcFjGCrfw8IS2GZNl2mSYaXNmqbl_M_AlysfvF7HWA-MBgmW5GT5cnaZ0Wj35j_FcES2JE8DxXKRXz7x7z2oUD1cY82uLEyCY-Zk_CzMJ-56CnT07YwT776hhzf3_WEpLTpTcTxt-aSuaUYt2LQKnrQMwHCgN3vz2JvEqp9cLi4S2H_dtJMrXNWmD25pf11TZ0t7cETfULKJyF9nPVENBFpCRh7G3SYc"},"finalizeTime":"2024-01-20T17:23:50.347866Z","finalizeUser":{"email":"chelsie.xue@gmail.com","imageUrl":"https://lh3.googleusercontent.com/a-/ALV-UjV4Y-x4TaE5Ws_T7nDIL7LJzVBnmwyEB-u9kf5PcR5tTGtPsweh0S5u-Ir6Q-vsBVlMJQqoIqU9_0-T1AXpJADSOWS8qTz8gxmXJd53eOQomv3IYdCitlJJXZOsfyJ8SshYW2iRdlujc7dHN-pP9E21OBVwwNgPLYgJaYOsrDwkxMUhafc0qj3gx8wuDHO4EwIBz1KpbRP_6lpJfYFIhdTWJKZbUV16KWAKtpnh6NR0p48AN2o6v__1A_cH4EOepeQrARlh6ZIyZs4O9l229vr9bEGR4B3lsHylC1hinGi4n2WQWSu6WLr_4l4r7DbqGeMParvfUIU5fdwh8rVmvqt7jwXT9BpzqzRwu-Ad7txQTwmu_PFku-jjJBcFhkJwsr2R6hV0sQad7HkWX8qEymqT9bxv924nX_UuI7VDzSA-4mGq__xPem5e3gKdsPIHfPKmzEhDU42rHl8xUVo0ylBJW_8waLndBkUrDh4bPZ-PHd5ADy1ZHipXwkZ6cVqdsld7Eb4RSClalVo52bCGfq56Ep7NcAb0wkB2mXcKh3WWfLHiX7pv1vsoyrKSp8VGeBe6i7Vw_0OTJ-aJclUqZrA2F77l2bKa2qF7SvTVi8QG4u9lAzxz5PaV0IMHASc0QOYVIdPxJQv-oGl8Xeai8VH6i_Txk90foGy6lXyHYmDR6h9FwtxvVKHPcFKu2_65q5nmsJ5wKORVKHhPcFjGCrfw8IS2GZNl2mSYaXNmqbl_M_AlysfvF7HWA-MBgmW5GT5cnaZ0Wj35j_FcES2JE8DxXKRXz7x7z2oUD1cY82uLEyCY-Zk_CzMJ-56CnT07YwT776hhzf3_WEpLTpTcTxt-aSuaUYt2LQKnrQMwHCgN3vz2JvEqp9cLi4S2H_dtJMrXNWmD25pf11TZ0t7cETfULKJyF9nPVENBFpCRh7G3SYc"}},"type":"DEPLOY","releaseTime":"2024-01-20T17:23:50.383Z","releaseUser":{"email":"chelsie.xue@gmail.com","imageUrl":"https://lh3.googleusercontent.com/a-/ALV-UjV4Y-x4TaE5Ws_T7nDIL7LJzVBnmwyEB-u9kf5PcR5tTGtPsweh0S5u-Ir6Q-vsBVlMJQqoIqU9_0-T1AXpJADSOWS8qTz8gxmXJd53eOQomv3IYdCitlJJXZOsfyJ8SshYW2iRdlujc7dHN-pP9E21OBVwwNgPLYgJaYOsrDwkxMUhafc0qj3gx8wuDHO4EwIBz1KpbRP_6lpJfYFIhdTWJKZbUV16KWAKtpnh6NR0p48AN2o6v__1A_cH4EOepeQrARlh6ZIyZs4O9l229vr9bEGR4B3lsHylC1hinGi4n2WQWSu6WLr_4l4r7DbqGeMParvfUIU5fdwh8rVmvqt7jwXT9BpzqzRwu-Ad7txQTwmu_PFku-jjJBcFhkJwsr2R6hV0sQad7HkWX8qEymqT9bxv924nX_UuI7VDzSA-4mGq__xPem5e3gKdsPIHfPKmzEhDU42rHl8xUVo0ylBJW_8waLndBkUrDh4bPZ-PHd5ADy1ZHipXwkZ6cVqdsld7Eb4RSClalVo52bCGfq56Ep7NcAb0wkB2mXcKh3WWfLHiX7pv1vsoyrKSp8VGeBe6i7Vw_0OTJ-aJclUqZrA2F77l2bKa2qF7SvTVi8QG4u9lAzxz5PaV0IMHASc0QOYVIdPxJQv-oGl8Xeai8VH6i_Txk90foGy6lXyHYmDR6h9FwtxvVKHPcFKu2_65q5nmsJ5wKORVKHhPcFjGCrfw8IS2GZNl2mSYaXNmqbl_M_AlysfvF7HWA-MBgmW5GT5cnaZ0Wj35j_FcES2JE8DxXKRXz7x7z2oUD1cY82uLEyCY-Zk_CzMJ-56CnT07YwT776hhzf3_WEpLTpTcTxt-aSuaUYt2LQKnrQMwHCgN3vz2JvEqp9cLi4S2H_dtJMrXNWmD25pf11TZ0t7cETfULKJyF9nPVENBFpCRh7G3SYc"}}
[debug] [2024-01-20T17:23:51.618Z] [hosting] release: {"name":"projects/924629409738/sites/portfolio-d723c/channels/live/releases/1705771430383000","version":{"name":"projects/924629409738/sites/portfolio-d723c/versions/ce58951e1c4e913f","status":"FINALIZED","config":{"rewrites":[{"glob":"/index.html","path":"/index.html"},{"glob":"**","path":"/index.html"}]},"labels":{"deployment-tool":"cli-firebase"},"createTime":"2024-01-20T17:23:31.892150Z","createUser":{"email":"chelsie.xue@gmail.com","imageUrl":"https://lh3.googleusercontent.com/a-/ALV-UjV4Y-x4TaE5Ws_T7nDIL7LJzVBnmwyEB-u9kf5PcR5tTGtPsweh0S5u-Ir6Q-vsBVlMJQqoIqU9_0-T1AXpJADSOWS8qTz8gxmXJd53eOQomv3IYdCitlJJXZOsfyJ8SshYW2iRdlujc7dHN-pP9E21OBVwwNgPLYgJaYOsrDwkxMUhafc0qj3gx8wuDHO4EwIBz1KpbRP_6lpJfYFIhdTWJKZbUV16KWAKtpnh6NR0p48AN2o6v__1A_cH4EOepeQrARlh6ZIyZs4O9l229vr9bEGR4B3lsHylC1hinGi4n2WQWSu6WLr_4l4r7DbqGeMParvfUIU5fdwh8rVmvqt7jwXT9BpzqzRwu-Ad7txQTwmu_PFku-jjJBcFhkJwsr2R6hV0sQad7HkWX8qEymqT9bxv924nX_UuI7VDzSA-4mGq__xPem5e3gKdsPIHfPKmzEhDU42rHl8xUVo0ylBJW_8waLndBkUrDh4bPZ-PHd5ADy1ZHipXwkZ6cVqdsld7Eb4RSClalVo52bCGfq56Ep7NcAb0wkB2mXcKh3WWfLHiX7pv1vsoyrKSp8VGeBe6i7Vw_0OTJ-aJclUqZrA2F77l2bKa2qF7SvTVi8QG4u9lAzxz5PaV0IMHASc0QOYVIdPxJQv-oGl8Xeai8VH6i_Txk90foGy6lXyHYmDR6h9FwtxvVKHPcFKu2_65q5nmsJ5wKORVKHhPcFjGCrfw8IS2GZNl2mSYaXNmqbl_M_AlysfvF7HWA-MBgmW5GT5cnaZ0Wj35j_FcES2JE8DxXKRXz7x7z2oUD1cY82uLEyCY-Zk_CzMJ-56CnT07YwT776hhzf3_WEpLTpTcTxt-aSuaUYt2LQKnrQMwHCgN3vz2JvEqp9cLi4S2H_dtJMrXNWmD25pf11TZ0t7cETfULKJyF9nPVENBFpCRh7G3SYc"},"finalizeTime":"2024-01-20T17:23:50.347866Z","finalizeUser":{"email":"chelsie.xue@gmail.com","imageUrl":"https://lh3.googleusercontent.com/a-/ALV-UjV4Y-x4TaE5Ws_T7nDIL7LJzVBnmwyEB-u9kf5PcR5tTGtPsweh0S5u-Ir6Q-vsBVlMJQqoIqU9_0-T1AXpJADSOWS8qTz8gxmXJd53eOQomv3IYdCitlJJXZOsfyJ8SshYW2iRdlujc7dHN-pP9E21OBVwwNgPLYgJaYOsrDwkxMUhafc0qj3gx8wuDHO4EwIBz1KpbRP_6lpJfYFIhdTWJKZbUV16KWAKtpnh6NR0p48AN2o6v__1A_cH4EOepeQrARlh6ZIyZs4O9l229vr9bEGR4B3lsHylC1hinGi4n2WQWSu6WLr_4l4r7DbqGeMParvfUIU5fdwh8rVmvqt7jwXT9BpzqzRwu-Ad7txQTwmu_PFku-jjJBcFhkJwsr2R6hV0sQad7HkWX8qEymqT9bxv924nX_UuI7VDzSA-4mGq__xPem5e3gKdsPIHfPKmzEhDU42rHl8xUVo0ylBJW_8waLndBkUrDh4bPZ-PHd5ADy1ZHipXwkZ6cVqdsld7Eb4RSClalVo52bCGfq56Ep7NcAb0wkB2mXcKh3WWfLHiX7pv1vsoyrKSp8VGeBe6i7Vw_0OTJ-aJclUqZrA2F77l2bKa2qF7SvTVi8QG4u9lAzxz5PaV0IMHASc0QOYVIdPxJQv-oGl8Xeai8VH6i_Txk90foGy6lXyHYmDR6h9FwtxvVKHPcFKu2_65q5nmsJ5wKORVKHhPcFjGCrfw8IS2GZNl2mSYaXNmqbl_M_AlysfvF7HWA-MBgmW5GT5cnaZ0Wj35j_FcES2JE8DxXKRXz7x7z2oUD1cY82uLEyCY-Zk_CzMJ-56CnT07YwT776hhzf3_WEpLTpTcTxt-aSuaUYt2LQKnrQMwHCgN3vz2JvEqp9cLi4S2H_dtJMrXNWmD25pf11TZ0t7cETfULKJyF9nPVENBFpCRh7G3SYc"}},"type":"DEPLOY","releaseTime":"2024-01-20T17:23:50.383Z","releaseUser":{"email":"chelsie.xue@gmail.com","imageUrl":"https://lh3.googleusercontent.com/a-/ALV-UjV4Y-x4TaE5Ws_T7nDIL7LJzVBnmwyEB-u9kf5PcR5tTGtPsweh0S5u-Ir6Q-vsBVlMJQqoIqU9_0-T1AXpJADSOWS8qTz8gxmXJd53eOQomv3IYdCitlJJXZOsfyJ8SshYW2iRdlujc7dHN-pP9E21OBVwwNgPLYgJaYOsrDwkxMUhafc0qj3gx8wuDHO4EwIBz1KpbRP_6lpJfYFIhdTWJKZbUV16KWAKtpnh6NR0p48AN2o6v__1A_cH4EOepeQrARlh6ZIyZs4O9l229vr9bEGR4B3lsHylC1hinGi4n2WQWSu6WLr_4l4r7DbqGeMParvfUIU5fdwh8rVmvqt7jwXT9BpzqzRwu-Ad7txQTwmu_PFku-jjJBcFhkJwsr2R6hV0sQad7HkWX8qEymqT9bxv924nX_UuI7VDzSA-4mGq__xPem5e3gKdsPIHfPKmzEhDU42rHl8xUVo0ylBJW_8waLndBkUrDh4bPZ-PHd5ADy1ZHipXwkZ6cVqdsld7Eb4RSClalVo52bCGfq56Ep7NcAb0wkB2mXcKh3WWfLHiX7pv1vsoyrKSp8VGeBe6i7Vw_0OTJ-aJclUqZrA2F77l2bKa2qF7SvTVi8QG4u9lAzxz5PaV0IMHASc0QOYVIdPxJQv-oGl8Xeai8VH6i_Txk90foGy6lXyHYmDR6h9FwtxvVKHPcFKu2_65q5nmsJ5wKORVKHhPcFjGCrfw8IS2GZNl2mSYaXNmqbl_M_AlysfvF7HWA-MBgmW5GT5cnaZ0Wj35j_FcES2JE8DxXKRXz7x7z2oUD1cY82uLEyCY-Zk_CzMJ-56CnT07YwT776hhzf3_WEpLTpTcTxt-aSuaUYt2LQKnrQMwHCgN3vz2JvEqp9cLi4S2H_dtJMrXNWmD25pf11TZ0t7cETfULKJyF9nPVENBFpCRh7G3SYc"}}
[info] ✔  hosting[portfolio-d723c]: release complete 
[info] 
[info] ✔  Deploy complete! 
[info] 
[info] Project Console: https://console.firebase.google.com/project/portfolio-d723c/overview
[info] Hosting URL: https://portfolio-d723c.web.app
[debug] [2024-01-20T17:23:56.778Z] Error: Timed out.
    at Timeout._onTimeout (/usr/local/lib/node_modules/firebase-tools/lib/utils.js:258:49)
    at listOnTimeout (node:internal/timers:564:17)
    at process.processTimers (node:internal/timers:507:7)
[error] 
[error] Error: An unexpected error has occurred.
